<?xml version="1.0" encoding="UTF-8"?>
<testsuite xmlns:xsi="http://www.w3.org/2001/XMLSchema-instance" xsi:noNamespaceSchemaLocation="https://maven.apache.org/surefire/maven-surefire-plugin/xsd/surefire-test-report-3.0.xsd" version="3.0" name="TestSuite" time="234.858" tests="11" errors="0" skipped="0" failures="0">
  <properties>
[...]
</properties>
  <testcase name="runScenario[&quot;Airport cab services&quot;, &quot;Optional[Airport]&quot;](1)" classname="com.mindtree.runner.TestRunner" time="31.598">
    <system-out><![CDATA[[main] DEBUG Hooks.class  - Opening driver
[main] INFO  Hooks.class  - Driver opened
[main] DEBUG Hooks.class  - Opening URL
[main] INFO  Test1  - Savaari website is displayed
[main] INFO  AirportPage.java  - fromcitydetailsentered
[main] INFO  AirportPage.java  - Date  selected
[main] DEBUG AirportPage.java  - select Pickuptime 
[main] INFO  AirportPage.java  - selectcar
[main] INFO  AirportPage.java  - firstcar
[main] INFO  AirportPage.java  - Price Validated : ? 945
[main] INFO  Hooks.class  - Driver closed
[main] INFO  Hooks.class  - Scenario completed
]]></system-out>
    <system-err><![CDATA[Starting ChromeDriver 96.0.4664.45 (76e4c1bb2ab4671b8beba3444e61c0f17584b2fc-refs/branch-heads/4664@{#947}) on port 31430
Only local connections are allowed.
Please see https://chromedriver.chromium.org/security-considerations for suggestions on keeping ChromeDriver safe.
ChromeDriver was started successfully.
[1642445036.582][WARNING]: This version of ChromeDriver has not been tested with Chrome version 97.
Jan 18, 2022 12:13:56 AM org.openqa.selenium.remote.ProtocolHandshake createSession
INFO: Detected dialect: W3C
]]></system-err>
  </testcase>
  <testcase name="runScenario[&quot;Airport cab services&quot;, &quot;Optional[Airport]&quot;](2)" classname="com.mindtree.runner.TestRunner" time="30.736">
    <system-out><![CDATA[[main] DEBUG Hooks.class  - Opening driver
[main] INFO  Hooks.class  - Driver opened
[main] DEBUG Hooks.class  - Opening URL
[main] INFO  Test1  - Savaari website is displayed
[main] INFO  AirportPage.java  - fromcitydetailsentered
[main] INFO  AirportPage.java  - Date  selected
[main] DEBUG AirportPage.java  - select Pickuptime 
[main] INFO  AirportPage.java  - selectcar
[main] INFO  AirportPage.java  - firstcar
[main] INFO  AirportPage.java  - Price Validated : ? 931
[main] INFO  Hooks.class  - Driver closed
[main] INFO  Hooks.class  - Scenario completed
]]></system-out>
    <system-err><![CDATA[Starting ChromeDriver 96.0.4664.45 (76e4c1bb2ab4671b8beba3444e61c0f17584b2fc-refs/branch-heads/4664@{#947}) on port 44884
Only local connections are allowed.
Please see https://chromedriver.chromium.org/security-considerations for suggestions on keeping ChromeDriver safe.
ChromeDriver was started successfully.
[1642445067.508][WARNING]: This version of ChromeDriver has not been tested with Chrome version 97.
Jan 18, 2022 12:14:27 AM org.openqa.selenium.remote.ProtocolHandshake createSession
INFO: Detected dialect: W3C
]]></system-err>
  </testcase>
  <testcase name="runScenario[&quot;Local cab services&quot;, &quot;Optional[Local path]&quot;](3)" classname="com.mindtree.runner.TestRunner" time="23.796">
    <system-out><![CDATA[[main] DEBUG Hooks.class  - Opening driver
[main] INFO  Hooks.class  - Driver opened
[main] DEBUG Hooks.class  - Opening URL
[main] INFO  localpage.java  - switchtab
[main] INFO  Test2  - Savaari website is displayed
[main] INFO  localpage.java  - cityname
[main] INFO  localpage.java  - date selected
[main] INFO  localpage.java  - time
[main] INFO  localpage.java  - selectbutton
[main] INFO  localpage.java  - selectcar
[main] INFO  localpage.java  - CarType Validated :Toyota Etios or Equivalent
[main] INFO  Hooks.class  - Driver closed
[main] INFO  Hooks.class  - Scenario completed
]]></system-out>
    <system-err><![CDATA[Starting ChromeDriver 96.0.4664.45 (76e4c1bb2ab4671b8beba3444e61c0f17584b2fc-refs/branch-heads/4664@{#947}) on port 24928
Only local connections are allowed.
Please see https://chromedriver.chromium.org/security-considerations for suggestions on keeping ChromeDriver safe.
ChromeDriver was started successfully.
[1642445098.346][WARNING]: This version of ChromeDriver has not been tested with Chrome version 97.
Jan 18, 2022 12:14:58 AM org.openqa.selenium.remote.ProtocolHandshake createSession
INFO: Detected dialect: W3C
]]></system-err>
  </testcase>
  <testcase name="runScenario[&quot;Validating Text is displayed after filling the fields&quot;, &quot;Optional[Corporate car Rental under services]&quot;](4)" classname="com.mindtree.runner.TestRunner" time="25.722">
    <system-out><![CDATA[[main] DEBUG Hooks.class  - Opening driver
[main] INFO  Hooks.class  - Driver opened
[main] DEBUG Hooks.class  - Opening URL
[main] INFO  Test4  - Savaari website is displayed
[main] INFO  CorporateCarRental.java  - name
[main] INFO  CorporateCarRental.java  - comapny
[main] INFO  CorporateCarRental.java  - email
[main] INFO  CorporateCarRental.java  - Phone no
[main] INFO  CorporateCarRental.java  - Volumn selected
[main] INFO  CorporateCarRental.java  - Submit button clicked
[main] INFO  CorporateCarRental.java  - text validates
[main] INFO  Hooks.class  - Driver closed
[main] INFO  Hooks.class  - Scenario completed
]]></system-out>
    <system-err><![CDATA[Starting ChromeDriver 96.0.4664.45 (76e4c1bb2ab4671b8beba3444e61c0f17584b2fc-refs/branch-heads/4664@{#947}) on port 10905
Only local connections are allowed.
Please see https://chromedriver.chromium.org/security-considerations for suggestions on keeping ChromeDriver safe.
ChromeDriver was started successfully.
[1642445122.008][WARNING]: This version of ChromeDriver has not been tested with Chrome version 97.
Jan 18, 2022 12:15:22 AM org.openqa.selenium.remote.ProtocolHandshake createSession
INFO: Detected dialect: W3C
]]></system-err>
  </testcase>
  <testcase name="runScenario[&quot;Title of homepage validation&quot;, &quot;Optional[Homepage]&quot;](5)" classname="com.mindtree.runner.TestRunner" time="5.556">
    <system-out><![CDATA[[main] DEBUG Hooks.class  - Opening driver
[main] INFO  Hooks.class  - Driver opened
[main] DEBUG Hooks.class  - Opening URL
[main] INFO  Homepage.java  - validatedBook Outstation Cabs, Local & Airport Taxi Service - India's Leading Car Rentals
[main] INFO  Hooks.class  - Driver closed
[main] INFO  Hooks.class  - Scenario completed
]]></system-out>
    <system-err><![CDATA[Starting ChromeDriver 96.0.4664.45 (76e4c1bb2ab4671b8beba3444e61c0f17584b2fc-refs/branch-heads/4664@{#947}) on port 23159
Only local connections are allowed.
Please see https://chromedriver.chromium.org/security-considerations for suggestions on keeping ChromeDriver safe.
ChromeDriver was started successfully.
[1642445147.748][WARNING]: This version of ChromeDriver has not been tested with Chrome version 97.
Jan 18, 2022 12:15:47 AM org.openqa.selenium.remote.ProtocolHandshake createSession
INFO: Detected dialect: W3C
]]></system-err>
  </testcase>
  <testcase name="runScenario[&quot;CEO Validation&quot;, &quot;Optional[Homepage]&quot;](6)" classname="com.mindtree.runner.TestRunner" time="10.59">
    <system-out><![CDATA[[main] DEBUG Hooks.class  - Opening driver
[main] INFO  Hooks.class  - Driver opened
[main] DEBUG Hooks.class  - Opening URL
[main] INFO  Homepage.java  - validatedGaurav Aggarwal
[main] INFO  Hooks.class  - Driver closed
[main] INFO  Hooks.class  - Scenario completed
]]></system-out>
    <system-err><![CDATA[Starting ChromeDriver 96.0.4664.45 (76e4c1bb2ab4671b8beba3444e61c0f17584b2fc-refs/branch-heads/4664@{#947}) on port 26973
Only local connections are allowed.
Please see https://chromedriver.chromium.org/security-considerations for suggestions on keeping ChromeDriver safe.
ChromeDriver was started successfully.
[1642445153.463][WARNING]: This version of ChromeDriver has not been tested with Chrome version 97.
Jan 18, 2022 12:15:53 AM org.openqa.selenium.remote.ProtocolHandshake createSession
INFO: Detected dialect: W3C
]]></system-err>
  </testcase>
  <testcase name="runScenario[&quot;ContactUs&quot;, &quot;Optional[Homepage]&quot;](7)" classname="com.mindtree.runner.TestRunner" time="10.69">
    <system-out><![CDATA[[main] DEBUG Hooks.class  - Opening driver
[main] INFO  Hooks.class  - Driver opened
[main] DEBUG Hooks.class  - Opening URL
[main] INFO  Homepage.java  - phone number not found
[main] INFO  Hooks.class  - Driver closed
[main] INFO  Hooks.class  - Scenario completed
]]></system-out>
    <system-err><![CDATA[Starting ChromeDriver 96.0.4664.45 (76e4c1bb2ab4671b8beba3444e61c0f17584b2fc-refs/branch-heads/4664@{#947}) on port 45542
Only local connections are allowed.
Please see https://chromedriver.chromium.org/security-considerations for suggestions on keeping ChromeDriver safe.
ChromeDriver was started successfully.
[1642445163.937][WARNING]: This version of ChromeDriver has not been tested with Chrome version 97.
Jan 18, 2022 12:16:04 AM org.openqa.selenium.remote.ProtocolHandshake createSession
INFO: Detected dialect: W3C
]]></system-err>
  </testcase>
  <testcase name="runScenario[&quot;Validating the North route&quot;, &quot;Optional[One way cab]&quot;](8)" classname="com.mindtree.runner.TestRunner" time="20.905">
    <system-out><![CDATA[[main] DEBUG Hooks.class  - Opening driver
[main] INFO  Hooks.class  - Driver opened
[main] DEBUG Hooks.class  - Opening URL
[main] INFO  Test3  - Savaari website is displayed
[main] INFO  Hooks.class  - Driver closed
[main] INFO  Hooks.class  - Scenario completed
]]></system-out>
    <system-err><![CDATA[Starting ChromeDriver 96.0.4664.45 (76e4c1bb2ab4671b8beba3444e61c0f17584b2fc-refs/branch-heads/4664@{#947}) on port 28477
Only local connections are allowed.
Please see https://chromedriver.chromium.org/security-considerations for suggestions on keeping ChromeDriver safe.
ChromeDriver was started successfully.
[1642445174.653][WARNING]: This version of ChromeDriver has not been tested with Chrome version 97.
Jan 18, 2022 12:16:14 AM org.openqa.selenium.remote.ProtocolHandshake createSession
INFO: Detected dialect: W3C
]]></system-err>
  </testcase>
  <testcase name="runScenario[&quot;Outstaion cab services&quot;, &quot;Optional[Outsation path]&quot;](9)" classname="com.mindtree.runner.TestRunner" time="28.134">
    <system-out><![CDATA[[main] DEBUG Hooks.class  - Opening driver
[main] INFO  Hooks.class  - Driver opened
[main] DEBUG Hooks.class  - Opening URL
[main] INFO  outstationpageobject.java  - clickedonoutstation
[main] INFO  Test3  - Savaari website is displayed
[main] INFO  outstationpageobject.java  - clickedononeway
[main] INFO  outstationpageobject.java  - cityentered
[main] INFO  outstationpageobject.java  - tocityentered
[main] INFO  outstationpageobject.java  - clickedondate
[main] INFO  outstationpageobject.java  - clickedontime
[main] INFO  outstationpageobject.java  - clickedonselectcar
[main] INFO  outstationpageobject.java  - clickedonfirstcar
[main] INFO  outstationpageobject.java  - validated? 4657
[main] INFO  Hooks.class  - Driver closed
[main] INFO  Hooks.class  - Scenario completed
]]></system-out>
    <system-err><![CDATA[Starting ChromeDriver 96.0.4664.45 (76e4c1bb2ab4671b8beba3444e61c0f17584b2fc-refs/branch-heads/4664@{#947}) on port 6324
Only local connections are allowed.
Please see https://chromedriver.chromium.org/security-considerations for suggestions on keeping ChromeDriver safe.
ChromeDriver was started successfully.
[1642445195.507][WARNING]: This version of ChromeDriver has not been tested with Chrome version 97.
Jan 18, 2022 12:16:35 AM org.openqa.selenium.remote.ProtocolHandshake createSession
INFO: Detected dialect: W3C
]]></system-err>
  </testcase>
  <testcase name="runScenario[&quot;Outstaion cab services&quot;, &quot;Optional[Outsation path]&quot;](10)" classname="com.mindtree.runner.TestRunner" time="31.465">
    <system-out><![CDATA[[main] DEBUG Hooks.class  - Opening driver
[main] INFO  Hooks.class  - Driver opened
[main] DEBUG Hooks.class  - Opening URL
[main] INFO  outstationpageobject.java  - clickedonoutstation
[main] INFO  Test3  - Savaari website is displayed
[main] INFO  outstationpageobject.java  - clickedonroundtrip
[main] INFO  outstationpageobject.java  - cityentered
[main] INFO  outstationpageobject.java  - roundcityname
[main] INFO  outstationpageobject.java  - clickedondate
[main] INFO  outstationpageobject.java  - clickedonreturndate
[main] INFO  outstationpageobject.java  - clickedontime
[main] INFO  outstationpageobject.java  - clickedonselectcar
[main] INFO  outstationpageobject.java  - clickedonfirstcar
[main] INFO  outstationpageobject.java  - validated? 7493
[main] INFO  Hooks.class  - Driver closed
[main] INFO  Hooks.class  - Scenario completed
]]></system-out>
    <system-err><![CDATA[Starting ChromeDriver 96.0.4664.45 (76e4c1bb2ab4671b8beba3444e61c0f17584b2fc-refs/branch-heads/4664@{#947}) on port 45744
Only local connections are allowed.
Please see https://chromedriver.chromium.org/security-considerations for suggestions on keeping ChromeDriver safe.
ChromeDriver was started successfully.
[1642445223.657][WARNING]: This version of ChromeDriver has not been tested with Chrome version 97.
Jan 18, 2022 12:17:03 AM org.openqa.selenium.remote.ProtocolHandshake createSession
INFO: Detected dialect: W3C
]]></system-err>
  </testcase>
  <testcase name="runScenario[&quot;Checking Login&quot;, &quot;Optional[Login Validation]&quot;](11)" classname="com.mindtree.runner.TestRunner" time="13.77">
    <system-out><![CDATA[[main] DEBUG Hooks.class  - Opening driver
[main] INFO  Hooks.class  - Driver opened
[main] DEBUG Hooks.class  - Opening URL
[main] DEBUG LoginPage.java  - Sign in icon is clicked
[main] DEBUG LoginPage.java  - Valid name id is entered
[main] DEBUG LoginPage.java  - Valid Phone number is entered
[main] DEBUG LoginPage.java  - Valid Email id is entered
[main] DEBUG LoginPage.java  - Valid Email id is entered
[main] DEBUG LoginPage.java  - Valid Email id is entered
[main] DEBUG LoginPage.java  - Login is clicked and user lands on homepage
[main] INFO  Hooks.class  - Driver closed
[main] INFO  Hooks.class  - Scenario completed
]]></system-out>
    <system-err><![CDATA[Starting ChromeDriver 96.0.4664.45 (76e4c1bb2ab4671b8beba3444e61c0f17584b2fc-refs/branch-heads/4664@{#947}) on port 3779
Only local connections are allowed.
Please see https://chromedriver.chromium.org/security-considerations for suggestions on keeping ChromeDriver safe.
ChromeDriver was started successfully.
[1642445255.177][WARNING]: This version of ChromeDriver has not been tested with Chrome version 97.
Jan 18, 2022 12:17:36 AM org.openqa.selenium.remote.ProtocolHandshake createSession
INFO: Detected dialect: W3C
]]></system-err>
  </testcase>
</testsuite>