<?xml version="1.0" encoding="UTF-8"?>
<testng-results ignored="0" total="11" passed="11" failed="0" skipped="0">
  <reporter-output>
  </reporter-output>
  <suite started-at="2022-01-18T22:48:34 IST" name="Default suite" finished-at="2022-01-18T22:52:26 IST" duration-ms="232295">
    <groups>
      <group name="cucumber">
        <method signature="AbstractTestNGCucumberTests.runScenario(io.cucumber.testng.PickleWrapper, io.cucumber.testng.FeatureWrapper)[pri:0, instance:com.mindtree.runner.TestRunner@5136d012]" name="runScenario" class="io.cucumber.testng.AbstractTestNGCucumberTests"/>
      </group> <!-- cucumber -->
    </groups>
    <test started-at="2022-01-18T22:48:34 IST" name="Default test" finished-at="2022-01-18T22:52:26 IST" duration-ms="232295">
      <class name="com.mindtree.runner.TestRunner">
        <test-method is-config="true" signature="setUpClass(org.testng.ITestContext)[pri:0, instance:com.mindtree.runner.TestRunner@5136d012]" started-at="2022-01-18T22:48:34 IST" name="setUpClass" finished-at="2022-01-18T22:48:34 IST" duration-ms="472" status="PASS">
          <params>
            <param index="0">
              <value>
                <![CDATA[org.testng.TestRunner@749d7c01]]>
              </value>
            </param>
          </params>
          <reporter-output>
          </reporter-output>
        </test-method> <!-- setUpClass -->
        <test-method signature="runScenario(io.cucumber.testng.PickleWrapper, io.cucumber.testng.FeatureWrapper)[pri:0, instance:com.mindtree.runner.TestRunner@5136d012]" started-at="2022-01-18T22:48:34 IST" name="runScenario" description="Runs Cucumber Scenarios" data-provider="scenarios" finished-at="2022-01-18T22:49:02 IST" duration-ms="27500" status="PASS">
          <params>
            <param index="0">
              <value>
                <![CDATA["Airport cab services"]]>
              </value>
            </param>
            <param index="1">
              <value>
                <![CDATA["Optional[Airport]"]]>
              </value>
            </param>
          </params>
          <reporter-output>
          </reporter-output>
        </test-method> <!-- runScenario -->
        <test-method signature="runScenario(io.cucumber.testng.PickleWrapper, io.cucumber.testng.FeatureWrapper)[pri:0, instance:com.mindtree.runner.TestRunner@5136d012]" started-at="2022-01-18T22:49:02 IST" name="runScenario" description="Runs Cucumber Scenarios" data-provider="scenarios" finished-at="2022-01-18T22:49:31 IST" duration-ms="28750" status="PASS">
          <params>
            <param index="0">
              <value>
                <![CDATA["Airport cab services"]]>
              </value>
            </param>
            <param index="1">
              <value>
                <![CDATA["Optional[Airport]"]]>
              </value>
            </param>
          </params>
          <reporter-output>
          </reporter-output>
        </test-method> <!-- runScenario -->
        <test-method signature="runScenario(io.cucumber.testng.PickleWrapper, io.cucumber.testng.FeatureWrapper)[pri:0, instance:com.mindtree.runner.TestRunner@5136d012]" started-at="2022-01-18T22:49:31 IST" name="runScenario" description="Runs Cucumber Scenarios" data-provider="scenarios" finished-at="2022-01-18T22:49:55 IST" duration-ms="23974" status="PASS">
          <params>
            <param index="0">
              <value>
                <![CDATA["Local cab services"]]>
              </value>
            </param>
            <param index="1">
              <value>
                <![CDATA["Optional[Local path]"]]>
              </value>
            </param>
          </params>
          <reporter-output>
          </reporter-output>
        </test-method> <!-- runScenario -->
        <test-method signature="runScenario(io.cucumber.testng.PickleWrapper, io.cucumber.testng.FeatureWrapper)[pri:0, instance:com.mindtree.runner.TestRunner@5136d012]" started-at="2022-01-18T22:49:55 IST" name="runScenario" description="Runs Cucumber Scenarios" data-provider="scenarios" finished-at="2022-01-18T22:50:19 IST" duration-ms="24240" status="PASS">
          <params>
            <param index="0">
              <value>
                <![CDATA["Validating Text is displayed after filling the fields"]]>
              </value>
            </param>
            <param index="1">
              <value>
                <![CDATA["Optional[Corporate car Rental under services]"]]>
              </value>
            </param>
          </params>
          <reporter-output>
          </reporter-output>
        </test-method> <!-- runScenario -->
        <test-method signature="runScenario(io.cucumber.testng.PickleWrapper, io.cucumber.testng.FeatureWrapper)[pri:0, instance:com.mindtree.runner.TestRunner@5136d012]" started-at="2022-01-18T22:50:19 IST" name="runScenario" description="Runs Cucumber Scenarios" data-provider="scenarios" finished-at="2022-01-18T22:50:28 IST" duration-ms="9485" status="PASS">
          <params>
            <param index="0">
              <value>
                <![CDATA["Title of homepage validation"]]>
              </value>
            </param>
            <param index="1">
              <value>
                <![CDATA["Optional[Homepage]"]]>
              </value>
            </param>
          </params>
          <reporter-output>
          </reporter-output>
        </test-method> <!-- runScenario -->
        <test-method signature="runScenario(io.cucumber.testng.PickleWrapper, io.cucumber.testng.FeatureWrapper)[pri:0, instance:com.mindtree.runner.TestRunner@5136d012]" started-at="2022-01-18T22:50:28 IST" name="runScenario" description="Runs Cucumber Scenarios" data-provider="scenarios" finished-at="2022-01-18T22:50:41 IST" duration-ms="12343" status="PASS">
          <params>
            <param index="0">
              <value>
                <![CDATA["CEO Validation"]]>
              </value>
            </param>
            <param index="1">
              <value>
                <![CDATA["Optional[Homepage]"]]>
              </value>
            </param>
          </params>
          <reporter-output>
          </reporter-output>
        </test-method> <!-- runScenario -->
        <test-method signature="runScenario(io.cucumber.testng.PickleWrapper, io.cucumber.testng.FeatureWrapper)[pri:0, instance:com.mindtree.runner.TestRunner@5136d012]" started-at="2022-01-18T22:50:41 IST" name="runScenario" description="Runs Cucumber Scenarios" data-provider="scenarios" finished-at="2022-01-18T22:50:57 IST" duration-ms="16202" status="PASS">
          <params>
            <param index="0">
              <value>
                <![CDATA["ContactUs"]]>
              </value>
            </param>
            <param index="1">
              <value>
                <![CDATA["Optional[Homepage]"]]>
              </value>
            </param>
          </params>
          <reporter-output>
          </reporter-output>
        </test-method> <!-- runScenario -->
        <test-method signature="runScenario(io.cucumber.testng.PickleWrapper, io.cucumber.testng.FeatureWrapper)[pri:0, instance:com.mindtree.runner.TestRunner@5136d012]" started-at="2022-01-18T22:50:57 IST" name="runScenario" description="Runs Cucumber Scenarios" data-provider="scenarios" finished-at="2022-01-18T22:51:19 IST" duration-ms="22258" status="PASS">
          <params>
            <param index="0">
              <value>
                <![CDATA["Validating the North route"]]>
              </value>
            </param>
            <param index="1">
              <value>
                <![CDATA["Optional[One way cab]"]]>
              </value>
            </param>
          </params>
          <reporter-output>
          </reporter-output>
        </test-method> <!-- runScenario -->
        <test-method signature="runScenario(io.cucumber.testng.PickleWrapper, io.cucumber.testng.FeatureWrapper)[pri:0, instance:com.mindtree.runner.TestRunner@5136d012]" started-at="2022-01-18T22:51:19 IST" name="runScenario" description="Runs Cucumber Scenarios" data-provider="scenarios" finished-at="2022-01-18T22:51:47 IST" duration-ms="28345" status="PASS">
          <params>
            <param index="0">
              <value>
                <![CDATA["Outstaion cab services"]]>
              </value>
            </param>
            <param index="1">
              <value>
                <![CDATA["Optional[Outsation path]"]]>
              </value>
            </param>
          </params>
          <reporter-output>
          </reporter-output>
        </test-method> <!-- runScenario -->
        <test-method signature="runScenario(io.cucumber.testng.PickleWrapper, io.cucumber.testng.FeatureWrapper)[pri:0, instance:com.mindtree.runner.TestRunner@5136d012]" started-at="2022-01-18T22:51:47 IST" name="runScenario" description="Runs Cucumber Scenarios" data-provider="scenarios" finished-at="2022-01-18T22:52:16 IST" duration-ms="28133" status="PASS">
          <params>
            <param index="0">
              <value>
                <![CDATA["Outstaion cab services"]]>
              </value>
            </param>
            <param index="1">
              <value>
                <![CDATA["Optional[Outsation path]"]]>
              </value>
            </param>
          </params>
          <reporter-output>
          </reporter-output>
        </test-method> <!-- runScenario -->
        <test-method signature="runScenario(io.cucumber.testng.PickleWrapper, io.cucumber.testng.FeatureWrapper)[pri:0, instance:com.mindtree.runner.TestRunner@5136d012]" started-at="2022-01-18T22:52:16 IST" name="runScenario" description="Runs Cucumber Scenarios" data-provider="scenarios" finished-at="2022-01-18T22:52:26 IST" duration-ms="10420" status="PASS">
          <params>
            <param index="0">
              <value>
                <![CDATA["Checking Login"]]>
              </value>
            </param>
            <param index="1">
              <value>
                <![CDATA["Optional[Login Validation]"]]>
              </value>
            </param>
          </params>
          <reporter-output>
          </reporter-output>
        </test-method> <!-- runScenario -->
        <test-method is-config="true" signature="tearDownClass()[pri:0, instance:com.mindtree.runner.TestRunner@5136d012]" started-at="2022-01-18T22:52:26 IST" name="tearDownClass" finished-at="2022-01-18T22:52:26 IST" duration-ms="125" status="PASS">
          <reporter-output>
          </reporter-output>
        </test-method> <!-- tearDownClass -->
      </class> <!-- com.mindtree.runner.TestRunner -->
    </test> <!-- Default test -->
  </suite> <!-- Default suite -->
</testng-results>
